<?xml version="1.0" encoding="UTF-8"?>
<!-- Generated by org.testng.reporters.JUnitReportReporter -->
<testsuite skipped="0" hostname="Agni-PC" name="com.framework.fetchtheprice.fetch_the_price.FetchNameAndPriceTest" tests="1" failures="0" timestamp="22 Jun 2019 17:52:48 GMT" time="72.408" errors="0">
  <testcase name="FetchNameAndPriceforIphone" time="72.408" classname="com.framework.fetchtheprice.fetch_the_price.FetchNameAndPriceTest"/>
</testsuite> <!-- com.framework.fetchtheprice.fetch_the_price.FetchNameAndPriceTest -->
