<?xml version="1.0" encoding="UTF-8"?>
<!-- Generated by org.testng.reporters.JUnitReportReporter -->
<testsuite skipped="0" hostname="Agni-PC" name="com.framework.fetchtheprice.fetch_the_price.FetchNameAndPriceTest" tests="1" failures="0" timestamp="23 Jun 2019 21:37:36 GMT" time="20.016" errors="0">
  <testcase name="FetchNameAndPriceforIphone" time="20.016" classname="com.framework.fetchtheprice.fetch_the_price.FetchNameAndPriceTest"/>
</testsuite> <!-- com.framework.fetchtheprice.fetch_the_price.FetchNameAndPriceTest -->
